Build started 3/2/2013 2:24:56 AM.
     1>Project "D:\Libraries\PVR\3rdParty\ilmbase-1.0.3\vc\vc9\IlmBase\ImathTest\ImathTest.vcxproj" on node 9 (build target(s)).
     1>InitializeBuildStatus:
         Creating "Win32\Release\ImathTest.unsuccessfulbuild" because "AlwaysCreate" was specified.
       ClCompile:
         C:\Program Files (x86)\Microsoft Visual Studio 10.0\VC\bin\CL.exe /c /I..\..\..\..\Imath /I..\..\..\..\Half /I..\..\..\..\Iex /I..\..\..\..\ImathTest /Zi /nologo /W3 /WX- /Od /Oy- /D OPENEXR_DLL /D WIN32 /D NDEBUG /D _CONSOLE /D _VC80_UPGRADE=0x0710 /D _MBCS /Gm- /EHsc /MD /GS /arch:SSE2 /fp:precise /Zc:wchar_t /Zc:forScope /GR /Fo"Win32\Release\\" /Fd"Win32\Release\vc100.pdb" /Gd /TP /analyze- /errorReport:prompt ..\..\..\..\ImathTest\main.cpp ..\..\..\..\ImathTest\testBox.cpp ..\..\..\..\ImathTest\testBoxAlgo.cpp ..\..\..\..\ImathTest\testColor.cpp ..\..\..\..\ImathTest\testExtractEuler.cpp ..\..\..\..\ImathTest\testExtractSHRT.cpp ..\..\..\..\ImathTest\testFrustum.cpp ..\..\..\..\ImathTest\testFrustumTest.cpp ..\..\..\..\ImathTest\testFun.cpp ..\..\..\..\ImathTest\testInvert.cpp ..\..\..\..\ImathTest\testJacobiEigenSolver.cpp ..\..\..\..\ImathTest\testLineAlgo.cpp ..\..\..\..\ImathTest\testMatrix.cpp ..\..\..\..\ImathTest\testMiscMatrixAlgo.cpp ..\..\..\..\ImathTest\testProcrustes.cpp ..\..\..\..\ImathTest\testQuat.cpp ..\..\..\..\ImathTest\testQuatSetRotation.cpp ..\..\..\..\ImathTest\testQuatSlerp.cpp ..\..\..\..\ImathTest\testRandom.cpp ..\..\..\..\ImathTest\testRoots.cpp ..\..\..\..\ImathTest\testShear.cpp ..\..\..\..\ImathTest\testTinySVD.cpp ..\..\..\..\ImathTest\testVec.cpp
         main.cpp
         testBox.cpp
     1>..\..\..\..\ImathTest\testBox.cpp(37): fatal error C1083: Cannot open include file: 'ImathBoxAlgo.h': No such file or directory
         testBoxAlgo.cpp
     1>..\..\..\..\ImathTest\testBoxAlgo.cpp(37): fatal error C1083: Cannot open include file: 'ImathBoxAlgo.h': No such file or directory
         testColor.cpp
     1>..\..\..\..\ImathTest\testColor.cpp(38): fatal error C1083: Cannot open include file: 'ImathColor.h': No such file or directory
         testExtractEuler.cpp
     1>..\..\..\..\ImathTest\testExtractEuler.cpp(37): fatal error C1083: Cannot open include file: 'ImathMatrixAlgo.h': No such file or directory
         testExtractSHRT.cpp
     1>..\..\..\..\ImathTest\testExtractSHRT.cpp(37): fatal error C1083: Cannot open include file: 'ImathMatrixAlgo.h': No such file or directory
         testFrustum.cpp
     1>..\..\..\..\ImathTest\testFrustum.cpp(38): fatal error C1083: Cannot open include file: 'ImathFrustum.h': No such file or directory
         testFrustumTest.cpp
     1>..\..\..\..\ImathTest\testFrustumTest.cpp(38): fatal error C1083: Cannot open include file: 'ImathFrustum.h': No such file or directory
         testFun.cpp
     1>..\..\..\..\ImathTest\testFun.cpp(37): fatal error C1083: Cannot open include file: 'ImathFun.h': No such file or directory
         testInvert.cpp
     1>..\..\..\..\ImathTest\testInvert.cpp(38): fatal error C1083: Cannot open include file: 'ImathMatrix.h': No such file or directory
         testJacobiEigenSolver.cpp
     1>..\..\..\..\ImathTest\testJacobiEigenSolver.cpp(35): fatal error C1083: Cannot open include file: 'ImathMatrix.h': No such file or directory
         testLineAlgo.cpp
     1>..\..\..\..\ImathTest\testLineAlgo.cpp(37): fatal error C1083: Cannot open include file: 'ImathLineAlgo.h': No such file or directory
         testMatrix.cpp
     1>..\..\..\..\ImathTest\testMatrix.cpp(38): fatal error C1083: Cannot open include file: 'ImathMatrix.h': No such file or directory
         testMiscMatrixAlgo.cpp
     1>..\..\..\..\ImathTest\testMiscMatrixAlgo.cpp(37): fatal error C1083: Cannot open include file: 'ImathMatrixAlgo.h': No such file or directory
         testProcrustes.cpp
     1>..\..\..\..\ImathTest\testProcrustes.cpp(35): fatal error C1083: Cannot open include file: 'ImathMatrixAlgo.h': No such file or directory
         testQuat.cpp
     1>..\..\..\..\ImathTest\testQuat.cpp(37): fatal error C1083: Cannot open include file: 'ImathQuat.h': No such file or directory
         testQuatSetRotation.cpp
     1>..\..\..\..\ImathTest\testQuatSetRotation.cpp(37): fatal error C1083: Cannot open include file: 'ImathQuat.h': No such file or directory
         testQuatSlerp.cpp
     1>..\..\..\..\ImathTest\testQuatSlerp.cpp(37): fatal error C1083: Cannot open include file: 'ImathQuat.h': No such file or directory
         testRandom.cpp
     1>..\..\..\..\ImathTest\testRandom.cpp(38): fatal error C1083: Cannot open include file: 'ImathRandom.h': No such file or directory
         testRoots.cpp
     1>..\..\..\..\ImathTest\testRoots.cpp(38): fatal error C1083: Cannot open include file: 'ImathRoots.h': No such file or directory
         Generating Code...
         Compiling...
         testShear.cpp
     1>..\..\..\..\ImathTest\testShear.cpp(38): fatal error C1083: Cannot open include file: 'ImathShear.h': No such file or directory
         testTinySVD.cpp
     1>..\..\..\..\ImathTest\testTinySVD.cpp(35): fatal error C1083: Cannot open include file: 'ImathMatrixAlgo.h': No such file or directory
         testVec.cpp
     1>..\..\..\..\ImathTest\testVec.cpp(37): fatal error C1083: Cannot open include file: 'ImathVec.h': No such file or directory
         Generating Code...
     1>Done Building Project "D:\Libraries\PVR\3rdParty\ilmbase-1.0.3\vc\vc9\IlmBase\ImathTest\ImathTest.vcxproj" (build target(s)) -- FAILED.

Build FAILED.

Time Elapsed 00:00:02.16
